FILE_TYPE=LIBRARY_PARTS;
PRIMITIVE 'BG302_02_A_L_G','BG302_02_A_L_G_Header, Receptacle - Right Angle PTH Box';
  PIN
    '1':
      PIN_NUMBER='(1)';
      NO_LOAD_CHECK=BOTH;
      NO_IO_CHECK=BOTH;
      ALLOW_CONNECT=TRUE;
      PINUSE='UNSPEC';
    '2':
      PIN_NUMBER='(2)';
      NO_LOAD_CHECK=BOTH;
      NO_IO_CHECK=BOTH;
      ALLOW_CONNECT=TRUE;
      PINUSE='UNSPEC';
  END_PIN;
  BODY
    PART_NAME='BG302_02_A_L_G';
    PHYS_DES_PREFIX='J';
    NO_LOAD_CHECK='TRUE';
    PIN_COUNT='2';
    BODY_NAME='BG302_02_A_L_G';
    JEDEC_TYPE='RHDRRA2W64P0X254_1X2_558X570X265P';
  END_BODY;
END_PRIMITIVE;
END.
