

*******************************************************************************
Fri Jan 31 11:57:06 2025


FIT:    data read from "meas" u 1:2
        format = x:z
        #datapoints = 4
        residuals are weighted equally (unit weight)

function used for fitting: f(x)
	f(x) = a*x + b
fitted parameters initialized with current variable values

iter      chisq       delta/lim  lambda   a             b            
   0 7.5077494865e+04   0.00e+00  9.68e+01    1.000000e+00   1.000000e+00
   6 1.2906070000e-05  -6.54e-03  9.68e-05    6.162220e-03  -1.140000e-03

After 6 iterations the fit converged.
final sum of squares of residuals : 1.29061e-05
rel. change during last iteration : -6.54227e-08

degrees of freedom    (FIT_NDF)                        : 2
rms of residuals      (FIT_STDFIT) = sqrt(WSSR/ndf)    : 0.00254028
variance of residuals (reduced chisquare) = WSSR/ndf   : 6.45304e-06

Final set of parameters            Asymptotic Standard Error
=======================            ==========================
a               = 0.00616222       +/- 2.272e-05    (0.3687%)
b               = -0.00114         +/- 0.003111     (272.9%)

correlation matrix of the fit parameters:
                a      b      
a               1.000 
b              -0.913  1.000 


*******************************************************************************
Fri Jan 31 12:01:56 2025


FIT:    data read from "meas" u 2:1
        format = x:z
        x range restricted to [40.0000 : 210.000]
BREAK: No data to fit

*******************************************************************************
Fri Jan 31 12:01:59 2025


FIT:    data read from "meas" u 2:1
        format = x:z
        x range restricted to [40.0000 : 210.000]
BREAK: No data to fit

*******************************************************************************
Fri Jan 31 12:02:06 2025


FIT:    data read from "meas" u 2:1
        format = x:z
        #datapoints = 4
        residuals are weighted equally (unit weight)

function used for fitting: f(x)
	f(x) = a*x + b
fitted parameters initialized with current variable values

iter      chisq       delta/lim  lambda   a             b            
   0 7.4995451151e+04   0.00e+00  3.76e-03    6.162220e-03  -1.140000e-03
   4 3.3986606998e-01  -3.34e-01  3.76e-07    1.622748e+02   1.883919e-01

After 4 iterations the fit converged.
final sum of squares of residuals : 0.339866
rel. change during last iteration : -3.34394e-06

degrees of freedom    (FIT_NDF)                        : 2
rms of residuals      (FIT_STDFIT) = sqrt(WSSR/ndf)    : 0.412229
variance of residuals (reduced chisquare) = WSSR/ndf   : 0.169933

Final set of parameters            Asymptotic Standard Error
=======================            ==========================
a               = 162.275          +/- 0.5983       (0.3687%)
b               = 0.188392         +/- 0.5042       (267.7%)

correlation matrix of the fit parameters:
                a      b      
a               1.000 
b              -0.913  1.000 


*******************************************************************************
Fri Jan 31 12:02:07 2025


FIT:    data read from "meas" u 2:1
        format = x:z
        #datapoints = 4
        residuals are weighted equally (unit weight)

function used for fitting: f(x)
	f(x) = a*x + b
fitted parameters initialized with current variable values

iter      chisq       delta/lim  lambda   a             b            
   0 3.3986606998e-01   0.00e+00  9.67e+01    1.622748e+02   1.883919e-01
   1 3.3986606998e-01  -5.67e-09  9.67e+00    1.622748e+02   1.883919e-01

After 1 iterations the fit converged.
final sum of squares of residuals : 0.339866
rel. change during last iteration : -5.66764e-14

degrees of freedom    (FIT_NDF)                        : 2
rms of residuals      (FIT_STDFIT) = sqrt(WSSR/ndf)    : 0.412229
variance of residuals (reduced chisquare) = WSSR/ndf   : 0.169933

Final set of parameters            Asymptotic Standard Error
=======================            ==========================
a               = 162.275          +/- 0.5983       (0.3687%)
b               = 0.188392         +/- 0.5042       (267.7%)

correlation matrix of the fit parameters:
                a      b      
a               1.000 
b              -0.913  1.000 


*******************************************************************************
Fri Jan 31 12:02:08 2025


FIT:    data read from "meas" u 2:1
        format = x:z
        #datapoints = 4
        residuals are weighted equally (unit weight)

function used for fitting: f(x)
	f(x) = a*x + b
fitted parameters initialized with current variable values

iter      chisq       delta/lim  lambda   a             b            
   0 3.3986606998e-01   0.00e+00  9.67e+01    1.622748e+02   1.883919e-01
   1 3.3986606998e-01   0.00e+00  9.67e+02    1.622748e+02   1.883919e-01

After 1 iterations the fit converged.
final sum of squares of residuals : 0.339866
rel. change during last iteration : 0

degrees of freedom    (FIT_NDF)                        : 2
rms of residuals      (FIT_STDFIT) = sqrt(WSSR/ndf)    : 0.412229
variance of residuals (reduced chisquare) = WSSR/ndf   : 0.169933

Final set of parameters            Asymptotic Standard Error
=======================            ==========================
a               = 162.275          +/- 0.5983       (0.3687%)
b               = 0.188392         +/- 0.5042       (267.7%)

correlation matrix of the fit parameters:
                a      b      
a               1.000 
b              -0.913  1.000 
